Solid Edge Translation to STEP
Date: Sunday,March 22,2026 07:46pm
Output File: \\SZSK-THINKSERVER\Work\Interdisciplinary Project\Admin\GitHub\CAD Parts\DerailleurBracket.stp
Author: Unknown
Organization: Unknown
Source System: Solid Edge

Hardware:
Processor: Intel(R) Core(TM) i5-8265U CPU @ 1.60GHz
Operating System: Windows 11 Professional Version:25H2 Build:26200 System Type:64-bit
Installed Memory: 31.76 GB

Software Information
Parasolid Version: 38.0.150
PSBodyShop Version: 38.0.111
Step Adapter Version: 1700.0.0
Solid Edge Version: 226.00.01.004 x64

STEP Export Options
Export Format: AP214
Export Construction Sheets: Off
Export Construction Solids: Off
Export Construction Wires: Off
Export Displayed Parts Only: Off
Export Units: Millimeters
Export Part Component Names As Unicode: Off
Export PMI: Off

Phase 1 of 1 Translating Parasolid to foreign data types...
Translation process completed
Time required to translate:00 : 00 : 01
